<?xml version="1.0" encoding="UTF-8"?>
<!-- Generated by org.testng.reporters.JUnitReportReporter -->
<testsuite hostname="Millan" failures="0" tests="1" name="com.hrms.testscript.TC_004" time="17.636" errors="0" timestamp="26 May 2022 17:04:43 GMT">
  <testcase classname="com.hrms.testscript.TC_004" name="tc_004" time="17.636"/>
</testsuite> <!-- com.hrms.testscript.TC_004 -->
