<?xml version="1.0" encoding="UTF-8"?>
<!-- Generated by org.testng.reporters.JUnitReportReporter -->
<testsuite hostname="Millan" failures="0" tests="1" name="com.hrms.testscript.TC_002" time="14.725" errors="0" timestamp="25 May 2022 11:13:55 GMT">
  <testcase classname="com.hrms.testscript.TC_002" name="tc_002" time="14.725"/>
</testsuite> <!-- com.hrms.testscript.TC_002 -->
