<?xml version="1.0" encoding="UTF-8"?>
<!-- Generated by org.testng.reporters.JUnitReportReporter -->
<testsuite hostname="Millan" failures="0" tests="1" name="com.hrms.testscript.TC_003" time="17.982" errors="0" timestamp="25 May 2022 11:13:55 GMT">
  <testcase classname="com.hrms.testscript.TC_003" name="tc_003" time="17.982"/>
</testsuite> <!-- com.hrms.testscript.TC_003 -->
